[debug] [2025-07-07T07:06:45.354Z] ----------------------------------------------------------------------
[debug] [2025-07-07T07:06:45.356Z] Command:       /home/trainee/.nvm/versions/node/v20.18.0/bin/node /home/trainee/.nvm/versions/node/v20.18.0/bin/firebase init
[debug] [2025-07-07T07:06:45.356Z] CLI Version:   14.9.0
[debug] [2025-07-07T07:06:45.356Z] Platform:      linux
[debug] [2025-07-07T07:06:45.356Z] Node Version:  v20.18.0
[debug] [2025-07-07T07:06:45.356Z] Time:          Mon Jul 07 2025 12:36:45 GMT+0530 (India Standard Time)
[debug] [2025-07-07T07:06:45.356Z] ----------------------------------------------------------------------
[debug] 
[debug] [2025-07-07T07:06:45.507Z] > command requires scopes: ["email","openid","https://www.googleapis.com/auth/cloudplatformprojects.readonly","https://www.googleapis.com/auth/firebase","https://www.googleapis.com/auth/cloud-platform"]
[debug] [2025-07-07T07:06:45.507Z] > authorizing via signed-in user (prabukannanofficial@gmail.com)
[info] 
     ######## #### ########  ######## ########     ###     ######  ########
     ##        ##  ##     ## ##       ##     ##  ##   ##  ##       ##
     ######    ##  ########  ######   ########  #########  ######  ######
     ##        ##  ##    ##  ##       ##     ## ##     ##       ## ##
     ##       #### ##     ## ######## ########  ##     ##  ######  ########

You're about to initialize a Firebase project in this directory:

  /home/trainee/My  projects/prabu

Before we get started, keep in mind:

  * You are initializing within an existing Firebase project directory

[debug] [2025-07-07T07:06:51.983Z] ExitPromptError: User force closed the prompt with SIGINT
    at Interface.sigint (/home/trainee/.nvm/versions/node/v20.18.0/lib/node_modules/firebase-tools/node_modules/@inquirer/core/dist/commonjs/lib/create-prompt.js:101:37)
    at Interface.emit (node:events:519:28)
    at Interface.emit (node:domain:488:12)
    at [_ttyWrite] [as _ttyWrite] (node:internal/readline/interface:1126:18)
    at ReadStream.onkeypress (node:internal/readline/interface:265:20)
    at ReadStream.emit (node:events:531:35)
    at ReadStream.emit (node:domain:488:12)
    at emitKeys (node:internal/readline/utils:371:14)
    at emitKeys.next (<anonymous>)
    at ReadStream.onData (node:internal/readline/emitKeypressEvents:64:36)
[error] 
[error] Error: An unexpected error has occurred.
